build/app/outputs/mapping/release/seeds.txt
com.cozy_social_media.MainActivity
com.cozy_social_media.MainActivity: MainActivity()
...
com.dexterous.flutterlocalnotifications.models.NotificationDetails: java.lang.String TEXT
com.dexterous.flutterlocalnotifications.models.NotificationDetails: int[] additionalFlags
com.dexterous.flutterlocalnotifications.models.NotificationDetails: java.lang.Long when
com.google.android.gms.internal.measurement.zzgd: java.lang.String zzL
androidx.window.core.Version: kotlin.Lazy bigInteger$delegate
com.google.android.gms.internal.firebase-auth-api.zzkl: com.google.android.gms.internal.firebase-auth-api.zzkr zze
kotlinx.coroutines.CancelledContinuation: int _resumed
com.google.android.gms.internal.measurement.zzgy: int zzd
com.google.firebase.firestore.proto.Target: com.google.protobuf.Parser PARSER
com.google.firestore.v1.BatchGetDocumentsResponse: java.lang.Object result_
androidx.window.layout.FoldingFeature$Orientation: androidx.window.layout.FoldingFeature$Orientation VERTICAL
com.google.android.gms.internal.firebase-auth-api.zzro: android.os.Parcelable$Creator CREATOR
com.google.android.gms.internal.measurement.zzft: com.google.android.gms.internal.measurement.zzft zza
com.dexterous.flutterlocalnotifications.FlutterLocalNotificationsPlugin: java.lang.String CANCEL_ALL_METHOD
androidx.window.layout.SidecarCompat$FirstAttachAdapter: androidx.window.layout.SidecarCompat sidecarCompat
com.google.protobuf.AbstractMessageLite: int memoizedHashCode
com.dexterous.flutterlocalnotifications.models.NotificationDetails: java.lang.Boolean setAsGroupSummary
com.google.firebase.auth.internal.zzt: android.os.Parcelable$Creator CREATOR
com.google.android.gms.internal.measurement.zzek: boolean zzl
kotlin.jvm.internal.CallableReference: java.lang.Class owner
com.dexterous.flutterlocalnotifications.models.NotificationChannelDetails: java.lang.String LED_COLOR_RED
com.google.android.gms.internal.firebase-auth-api.zzmw: int zze
com.google.android.gms.measurement.AppMeasurement$ConditionalUserProperty: android.os.Bundle mTimedOutEventParams
com.google.firestore.v1.StructuredQuery$CompositeFilter: int OP_FIELD_NUMBER
com.google.android.gms.auth.api.credentials.CredentialRequest: android.os.Parcelable$Creator CREATOR
com.google.android.gms.internal.measurement.zzgd: boolean zzz
io.flutter.embedding.engine.FlutterJNI: io.flutter.plugin.platform.PlatformViewsController platformViewsController
com.google.firestore.v1.DocumentTransform$FieldTransform: com.google.firestore.v1.DocumentTransform$FieldTransform DEFAULT_INSTANCE
com.google.firestore.v1.DocumentChange: com.google.firestore.v1.DocumentChange DEFAULT_INSTANCE
kotlin.jvm.internal.CallableReference: java.lang.String name
com.facebook.login.LoginClient$Request: android.os.Parcelable$Creator CREATOR
androidx.window.layout.WindowInfoTrackerImpl$windowLayoutInfo$1: int label
com.google.firebase.firestore.proto.NoDocument: com.google.protobuf.Timestamp readTime_
com.google.firestore.v1.StructuredQuery: com.google.firestore.v1.Cursor startAt_
androidx.activity.result.ActivityResult: android.os.Parcelable$Creator CREATOR
com.google.firestore.v1.CommitResponse: com.google.protobuf.Timestamp commitTime_
com.dexterous.flutterlocalnotifications.models.NotificationDetails: java.lang.String COLORIZED
com.dexterous.flutterlocalnotifications.models.NotificationDetails: java.lang.String COLOR_GREEN
com.google.android.gms.internal.measurement.zzgd: long zzV
com.google.android.gms.internal.measurement.zzgd: long zzn
com.google.android.gms.internal.firebase-auth-api.zzlu: com.google.android.gms.internal.firebase-auth-api.zznx zzd
com.dexterous.flutterlocalnotifications.models.NotificationDetails: java.lang.String HTML_FORMAT_TITLE
com.google.firestore.v1.StructuredQuery$UnaryFilter: int FIELD_FIELD_NUMBER
com.dexterous.flutterlocalnotifications.models.NotificationAction: java.lang.String TITLE_COLOR_RED
com.dexterous.flutterlocalnotifications.models.NotificationChannelDetails: java.lang.String VIBRATION_PATTERN