build/app/outputs/mapping/release/mapping.txt
# compiler: R8
# compiler_version: 3.1.66
# min_api: 21
# pg_map_id: ffa5e0b
# common_typos_disable
# {"id":"com.android.tools.r8.mapping","version":"1.0"}
...
com.google.android.gms.internal.firebase-auth-api.zzxa -> com.google.android.gms.internal.firebase-auth-api.ts:
    com.google.android.gms.common.logging.Logger zzb -> b
    com.google.android.gms.internal.firebase-auth-api.zzwz zza -> a
    void zza(java.lang.String) -> a
    void zzb(java.lang.String) -> b
    void zzc(com.google.android.gms.internal.firebase-auth-api.zzzd) -> c
    void zzd() -> d
    void zze(com.google.android.gms.internal.firebase-auth-api.zztk) -> e
    void zzf(com.google.android.gms.internal.firebase-auth-api.zztm) -> f
    void zzg(com.google.android.gms.common.api.Status,com.google.firebase.auth.PhoneAuthCredential) -> g
    void zzh(com.google.android.gms.common.api.Status) -> h
    void zzi(com.google.android.gms.internal.firebase-auth-api.zzzy,com.google.android.gms.internal.firebase-auth-api.zzzr) -> i
    void zzj(com.google.android.gms.internal.firebase-auth-api.zzaaj) -> j
    void zzk() -> k
    void zzl(java.lang.String) -> l
    void zzn(com.google.android.gms.internal.firebase-auth-api.zzzy) -> m
    void zzo(com.google.firebase.auth.PhoneAuthCredential) -> n
com.google.android.gms.internal.firebase-auth-api.zzxb -> com.google.android.gms.internal.firebase-auth-api.us:
    com.google.android.gms.internal.firebase-auth-api.zzyv zzc -> b
    com.google.android.gms.common.logging.Logger zza -> c
    com.google.android.gms.internal.firebase-auth-api.zzvf zzb -> a
    void zzu(com.google.android.gms.internal.firebase-auth-api.zzsm,com.google.android.gms.internal.firebase-auth-api.zzwz) -> A
    void zzv(com.google.android.gms.internal.firebase-auth-api.zzso,com.google.android.gms.internal.firebase-auth-api.zzwz) -> B
    void zzw(com.google.android.gms.internal.firebase-auth-api.zzsq,com.google.android.gms.internal.firebase-auth-api.zzwz) -> C
    void zzx(com.google.android.gms.internal.firebase-auth-api.zzss,com.google.android.gms.internal.firebase-auth-api.zzwz) -> D
    void zzy(com.google.android.gms.internal.firebase-auth-api.zzsu,com.google.android.gms.internal.firebase-auth-api.zzwz) -> E
    void zzz(com.google.android.gms.internal.firebase-auth-api.zzsw,com.google.android.gms.internal.firebase-auth-api.zzwz) -> F
    void zzA(com.google.android.gms.internal.firebase-auth-api.zzsy,com.google.android.gms.internal.firebase-auth-api.zzwz) -> a
    void zzB(com.google.android.gms.internal.firebase-auth-api.zzta,com.google.android.gms.internal.firebase-auth-api.zzwz) -> b
    void zzC(com.google.android.gms.internal.firebase-auth-api.zztc,com.google.android.gms.internal.firebase-auth-api.zzwz) -> c
com.google.android.gms.internal.firebase-auth-api.zzxc -> com.google.android.gms.internal.firebase-auth-api.vs:
    android.util.SparseArray zza -> a
    com.google.firebase.FirebaseException zza(com.google.android.gms.common.api.Status) -> a
    com.google.firebase.FirebaseException zzb(com.google.android.gms.common.api.Status,com.google.firebase.auth.AuthCredential,java.lang.String,java.lang.String) -> b
    com.google.firebase.auth.FirebaseAuthMultiFactorException zzc(com.google.firebase.auth.FirebaseAuth,com.google.android.gms.internal.firebase-auth-api.zztm,com.google.firebase.auth.FirebaseUser) -> c
    java.lang.String zzd(int) -> d
    java.lang.String zze(java.lang.String,com.google.android.gms.common.api.Status) -> e
    java.lang.String zzf(int) -> f
com.google.android.gms.internal.firebase-auth-api.zzxd -> com.google.android.gms.internal.firebase-auth-api.ws:
    java.lang.String zza -> a
    java.lang.String zzb -> b
    com.google.android.gms.internal.firebase-auth-api.zzxd zza(java.lang.String) -> a
    com.google.android.gms.internal.firebase-auth-api.zzxd zzb(java.lang.String) -> b
    java.lang.String zzc() -> c
    java.lang.String zzd() -> d