build/app/outputs/mapping/release/usage.txt
com.cozy_social_media.BuildConfig
com.cozy_social_media.R$anim
com.cozy_social_media.R$animator
com.cozy_social_media.R$attr
com.cozy_social_media.R$bool
com.cozy_social_media.R$color
com.cozy_social_media.R$dimen
com.cozy_social_media.R$drawable
com.cozy_social_media.R$id
com.cozy_social_media.R$integer
com.cozy_social_media.R$interpolator
com.cozy_social_media.R$layout
com.cozy_social_media.R$mipmap
com.cozy_social_media.R$raw
com.cozy_social_media.R$string
com.cozy_social_media.R$style
com.cozy_social_media.R$styleable
com.cozy_social_media.R$xml
com.cozy_social_media.R
...
androidx.core.os.ProcessCompat$Api16Impl
androidx.core.os.ProcessCompat$Api17Impl
androidx.core.os.ProcessCompat$Api24Impl
androidx.core.os.ProcessCompat
androidx.core.os.TraceCompat$Api18Impl
androidx.core.os.TraceCompat$Api29Impl
androidx.core.os.TraceCompat
androidx.core.os.TraceKt
androidx.core.os.UserHandleCompat$Api24Impl
androidx.core.os.UserHandleCompat
androidx.core.os.UserManagerCompat$Api24Impl:
    private void <init>()
androidx.core.os.UserManagerCompat:
    private void <init>()
androidx.core.provider.CallbackWithHandler:
    void <init>(androidx.core.provider.FontsContractCompat$FontRequestCallback)
androidx.core.provider.CalleeHandler:
    private void <init>()
androidx.core.provider.DocumentsContractCompat$DocumentCompat
androidx.core.provider.DocumentsContractCompat$DocumentsContractApi19Impl
androidx.core.provider.DocumentsContractCompat$DocumentsContractApi21Impl
androidx.core.provider.DocumentsContractCompat$DocumentsContractApi24Impl
androidx.core.provider.DocumentsContractCompat
androidx.core.provider.FontProvider$Api16Impl:
    private void <init>()
androidx.core.provider.FontProvider:
    private void <init>()
androidx.core.provider.FontRequest:
    public void <init>(java.lang.String,java.lang.String,java.lang.String,int)
    public java.lang.String getIdentifier()
androidx.core.provider.FontRequestWorker:
    private void <init>()
    static void resetTypefaceCache()
androidx.core.provider.FontsContractCompat$Columns
androidx.core.provider.FontsContractCompat$FontFamilyResult:
    public static final int STATUS_OK
    public static final int STATUS_UNEXPECTED_DATA_PROVIDED
    public static final int STATUS_WRONG_CERTIFICATES
androidx.core.provider.FontsContractCompat$FontRequestCallback$FontRequestFailReason
androidx.core.provider.FontsContractCompat$FontRequestCallback:
    public static final int FAIL_REASON_FONT_LOAD_ERROR
    public static final int FAIL_REASON_FONT_NOT_FOUND
    public static final int FAIL_REASON_FONT_UNAVAILABLE
    public static final int FAIL_REASON_MALFORMED_QUERY
    public static final int FAIL_REASON_PROVIDER_NOT_FOUND
    public static final int FAIL_REASON_SECURITY_VIOLATION
    public static final int FAIL_REASON_WRONG_CERTIFICATES
    public static final int RESULT_OK
    static final int RESULT_SUCCESS
androidx.core.provider.FontsContractCompat:
    public static final java.lang.String PARCEL_FONT_RESULTS
    static final int RESULT_CODE_PROVIDER_NOT_FOUND
    static final int RESULT_CODE_WRONG_CERTIFICATES
    private void <init>()
    public static android.graphics.Typeface buildTypeface(android.content.Context,android.os.CancellationSignal,androidx.core.provider.FontsContractCompat$FontInfo[])
    public static androidx.core.provider.FontsContractCompat$FontFamilyResult fetchFonts(android.content.Context,android.os.CancellationSignal,androidx.core.provider.FontRequest)
    public static android.graphics.Typeface getFontSync(android.content.Context,androidx.core.provider.FontRequest,androidx.core.content.res.ResourcesCompat$FontCallback,android.os.Handler,boolean,int,int)
    public static android.content.pm.ProviderInfo getProvider(android.content.pm.PackageManager,androidx.core.provider.FontRequest,android.content.res.Resources)
    public static java.util.Map prepareFontData(android.content.Context,androidx.core.provider.FontsContractCompat$FontInfo[],android.os.CancellationSignal)
    public static void requestFont(android.content.Context,androidx.core.provider.FontRequest,androidx.core.provider.FontsContractCompat$FontRequestCallback,android.os.Handler)
    public static void resetCache()
    public static void resetTypefaceCache()
androidx.core.provider.RequestExecutor$HandlerExecutor
androidx.core.provider.RequestExecutor:
    private void <init>()
    static java.util.concurrent.Executor createHandlerExecutor(android.os.Handler)
androidx.core.provider.SelfDestructiveThread$1
androidx.core.provider.SelfDestructiveThread$2$1